<?xml version="1.0" encoding="UTF-8"?>
<testng-results ignored="0" total="1" passed="1" failed="0" skipped="0">
  <reporter-output>
  </reporter-output>
  <suite started-at="2025-02-01T15:40:42 EST" name="Default suite" finished-at="2025-02-01T15:40:42 EST" duration-ms="33">
    <groups>
    </groups>
    <test started-at="2025-02-01T15:40:42 EST" name="Default test" finished-at="2025-02-01T15:40:42 EST" duration-ms="33">
      <class name="testng.TestNg_Practice">
        <test-method signature="Demo()[pri:0, instance:testng.TestNg_Practice@4bb33f74]" started-at="2025-02-01T15:40:42 EST" name="Demo" finished-at="2025-02-01T15:40:42 EST" duration-ms="8" status="PASS">
          <reporter-output>
          </reporter-output>
        </test-method> <!-- Demo -->
      </class> <!-- testng.TestNg_Practice -->
    </test> <!-- Default test -->
  </suite> <!-- Default suite -->
</testng-results>
